definitions: campylobacter.txt
8093 profiles
sourced from: http://pubmlst.org/data/profiles/campylobacter.txt

locus aspA
aspA.tfa
Sourced from http://pubmlst.org/data/alleles/campylobacter/aspA.tfa

locus glnA
glnA.tfa
Sourced from http://pubmlst.org/data/alleles/campylobacter/glnA.tfa

locus gltA
gltA.tfa
Sourced from http://pubmlst.org/data/alleles/campylobacter/gltA.tfa

locus glyA
glyA.tfa
Sourced from http://pubmlst.org/data/alleles/campylobacter/glyA.tfa

locus pgm
pgm.tfa
Sourced from http://pubmlst.org/data/alleles/campylobacter/pgm.tfa

locus tkt
tkt.tfa
Sourced from http://pubmlst.org/data/alleles/campylobacter/tkt.tfa

locus uncA
uncA.tfa
Sourced from http://pubmlst.org/data/alleles/campylobacter/uncA.tfa

all loci: Campylobacter_jejuni.fasta
